[WARNING]: Collection community.docker does not support Ansible version 2.16.3

PLAY [BitSalt Droplet provisioning] ********************************************

TASK [Gathering Facts] *********************************************************
ok: [droplet]

TASK [common : Validating arguments against arg spec 'main' - Provision base directory structure and baseline apt packages.] ***
ok: [droplet]

TASK [common : Create sites base directory] ************************************
ok: [droplet]

TASK [common : Create proxy directory] *****************************************
ok: [droplet]

TASK [common : Create backups directory] ***************************************
ok: [droplet]

TASK [common : Create scripts directory] ***************************************
ok: [droplet]

TASK [common : Install base packages] ******************************************
ok: [droplet]

TASK [docker : Validating arguments against arg spec 'main' - Install Docker Engine, log in to Docker Hub, and create the proxy network.] ***
ok: [droplet]

TASK [docker : Install Docker GPG key] *****************************************
ok: [droplet]

TASK [docker : Add Docker apt repository] **************************************
ok: [droplet]

TASK [docker : Install Docker Engine, compose plugin, and Python SDK] **********
ok: [droplet]

TASK [docker : Ensure Docker service is enabled and running] *******************
ok: [droplet]

TASK [docker : Add ansible user to docker group] *******************************
ok: [droplet]

TASK [docker : Add deploy user to docker group] ********************************
ok: [droplet]

TASK [docker : Authenticate with Docker Hub] ***********************************
ok: [droplet]

TASK [docker : Create Docker proxy network] ************************************
ok: [droplet]

TASK [traefik : Validating arguments against arg spec 'main' - Deploy the Traefik reverse proxy stack with Let's Encrypt.] ***
ok: [droplet]

TASK [traefik : Ensure letsencrypt storage directory exists] *******************
ok: [droplet]

TASK [traefik : Create acme.json with correct permissions] *********************
ok: [droplet]

TASK [traefik : Deploy socket proxy nginx config] ******************************
ok: [droplet]

TASK [traefik : Deploy Traefik docker-compose.yml] *****************************
ok: [droplet]

TASK [traefik : Start Traefik stack] *******************************************
changed: [droplet]

TASK [Deploy WordPress sites] **************************************************

TASK [wordpress : Validating arguments against arg spec 'main' - Deploy a WordPress site (PHP-FPM + nginx) behind Traefik.] ***
ok: [droplet]

TASK [wordpress : Create site directory] ***************************************
ok: [droplet]

TASK [wordpress : Create wp-content bind mount directory] **********************
ok: [droplet]

TASK [wordpress : Deploy nginx.conf] *******************************************
ok: [droplet]

TASK [wordpress : Deploy Dockerfile] *******************************************
ok: [droplet]

TASK [wordpress : Deploy docker-compose.yml] ***********************************
ok: [droplet]

TASK [wordpress : Deploy .env file] ********************************************
ok: [droplet]

TASK [wordpress : Remove site (with volumes) when .env changes so wp-config.php is regenerated] ***
skipping: [droplet]

TASK [wordpress : Start WordPress site] ****************************************
ok: [droplet]

TASK [wordpress : Validating arguments against arg spec 'main' - Deploy a WordPress site (PHP-FPM + nginx) behind Traefik.] ***
ok: [droplet]

TASK [wordpress : Create site directory] ***************************************
ok: [droplet]

TASK [wordpress : Create wp-content bind mount directory] **********************
ok: [droplet]

TASK [wordpress : Deploy nginx.conf] *******************************************
ok: [droplet]

TASK [wordpress : Deploy Dockerfile] *******************************************
ok: [droplet]

TASK [wordpress : Deploy docker-compose.yml] ***********************************
ok: [droplet]

TASK [wordpress : Deploy .env file] ********************************************
ok: [droplet]

TASK [wordpress : Remove site (with volumes) when .env changes so wp-config.php is regenerated] ***
skipping: [droplet]

TASK [wordpress : Start WordPress site] ****************************************
ok: [droplet]

TASK [Deploy Laravel site] *****************************************************
skipping: [droplet]

TASK [Deploy Node.js sites] ****************************************************

TASK [webapp : Validating arguments against arg spec 'main' - Provision the site directory and Vault-sourced .env for a stateless HTTP app.] ***
ok: [droplet]

TASK [webapp : Create site directory] ******************************************
ok: [droplet]

TASK [webapp : Deploy .env file] ***********************************************
ok: [droplet]

TASK [webapp : Check whether app repo has deployed docker-compose.yml] *********
ok: [droplet]

TASK [webapp : Start webapp site] **********************************************
ok: [droplet]

TASK [webapp : Validating arguments against arg spec 'main' - Provision the site directory and Vault-sourced .env for a stateless HTTP app.] ***
ok: [droplet]

TASK [webapp : Create site directory] ******************************************
ok: [droplet]

TASK [webapp : Deploy .env file] ***********************************************
changed: [droplet]

TASK [webapp : Check whether app repo has deployed docker-compose.yml] *********
ok: [droplet]

TASK [webapp : Start webapp site] **********************************************
changed: [droplet]

TASK [webapp : Validating arguments against arg spec 'main' - Provision the site directory and Vault-sourced .env for a stateless HTTP app.] ***
ok: [droplet]

TASK [webapp : Create site directory] ******************************************
ok: [droplet]

TASK [webapp : Deploy .env file] ***********************************************
ok: [droplet]

TASK [webapp : Check whether app repo has deployed docker-compose.yml] *********
ok: [droplet]

TASK [webapp : Start webapp site] **********************************************
ok: [droplet]

TASK [webapp : Validating arguments against arg spec 'main' - Provision the site directory and Vault-sourced .env for a stateless HTTP app.] ***
ok: [droplet]

TASK [webapp : Create site directory] ******************************************
ok: [droplet]

TASK [webapp : Deploy .env file] ***********************************************
ok: [droplet]

TASK [webapp : Check whether app repo has deployed docker-compose.yml] *********
ok: [droplet]

TASK [webapp : Start webapp site] **********************************************
ok: [droplet]

TASK [Deploy FastAPI sites] ****************************************************
skipping: [droplet]

PLAY RECAP *********************************************************************
droplet                    : ok=58   changed=3    unreachable=0    failed=0    skipped=4    rescued=0    ignored=0   

Playbook run took 0 days, 0 hours, 1 minutes, 52 seconds
